<?xml version="1.0" encoding="UTF-8"?>
<!-- Generated by org.testng.reporters.JUnitReportReporter -->
<testsuite skipped="0" hostname="DESKTOP-9PKPNVV" name="qaautomation.may2022.CommonTest" tests="1" failures="0" timestamp="2022-06-04T01:08:19 ICT" time="12.659" errors="0">
  <testcase name="testSwitching" time="12.659" classname="qaautomation.may2022.CommonTest"/>
  <system-out/>
</testsuite> <!-- qaautomation.may2022.CommonTest -->
