<?xml version="1.0" encoding="UTF-8"?>
<!-- Generated by org.testng.reporters.JUnitReportReporter -->
<testsuite skipped="0" hostname="DESKTOP-9PKPNVV" name="qaautomation.may2022.WebTestAfterPageFactory" tests="1" failures="0" timestamp="2022-06-03T19:15:20 ICT" time="11.739" errors="0">
  <testcase name="testLogin" time="11.739" classname="qaautomation.may2022.WebTestAfterPageFactory"/>
  <system-out/>
</testsuite> <!-- qaautomation.may2022.WebTestAfterPageFactory -->
