<?xml version="1.0" encoding="UTF-8"?>
<!-- Generated by org.testng.reporters.JUnitReportReporter -->
<testsuite skipped="0" hostname="DESKTOP-9PKPNVV" name="qaautomation.may2022.APITestAfterRefactor" tests="4" failures="0" timestamp="2022-06-08T22:32:02 ICT" time="16.731" errors="0">
  <testcase name="dashboardAPI" time="7.993" classname="qaautomation.may2022.APITestAfterRefactor"/>
  <system-out/>
  <testcase name="configAPI" time="3.470" classname="qaautomation.may2022.APITestAfterRefactor"/>
  <system-out/>
  <testcase name="fakerTest" time="1.961" classname="qaautomation.may2022.APITestAfterRefactor"/>
  <system-out/>
  <testcase name="userAPI" time="3.307" classname="qaautomation.may2022.APITestAfterRefactor"/>
  <system-out/>
</testsuite> <!-- qaautomation.may2022.APITestAfterRefactor -->
