<?xml version="1.0" encoding="UTF-8"?>
<!-- Generated by org.testng.reporters.JUnitReportReporter -->
<testsuite skipped="0" hostname="DESKTOP-9PKPNVV" name="qaautomation.may2022.APITestAfterRefactor" tests="4" failures="0" timestamp="29 May 2022 08:27:26 GMT" time="15.665" errors="0">
  <testcase name="configAPI" time="3.242" classname="qaautomation.may2022.APITestAfterRefactor"/>
  <testcase name="dashboardAPI" time="3.453" classname="qaautomation.may2022.APITestAfterRefactor"/>
  <testcase name="userAPI" time="3.215" classname="qaautomation.may2022.APITestAfterRefactor"/>
  <testcase name="fakerTest" time="5.755" classname="qaautomation.may2022.APITestAfterRefactor"/>
</testsuite> <!-- qaautomation.may2022.APITestAfterRefactor -->
